2019-01-30 20:20:30,158 INFO  [org.eclim.eclipse.EclimDaemon] Workspace: /home/hans/documents/Algorithms2/psets/pset1
2019-01-30 20:20:30,161 INFO  [org.eclim.eclipse.EclimDaemon] Home: /home/hans/.eclipse/org.eclipse.platform_4.10.0_155965261_linux_gtk_x86_64/plugins/org.eclim_2.8.0/
2019-01-30 20:20:30,161 INFO  [org.eclim.eclipse.EclimDaemon] Starting eclim...
2019-01-30 20:20:30,172 INFO  [org.eclim.eclipse.EclimDaemon] Loading plugin org.eclim
2019-01-30 20:20:30,178 INFO  [org.eclim.eclipse.EclimDaemon] Loading plugin org.eclim.core
2019-01-30 20:20:30,378 INFO  [org.eclim.plugin.core.CorePlugin] Loading eclim plugins...
2019-01-30 20:20:30,388 INFO  [org.eclim.plugin.core.CorePlugin] Loading plugin org.eclim.jdt
2019-01-30 20:20:30,394 INFO  [org.eclim.plugin.core.CorePlugin] Plugins loaded.
2019-01-30 20:20:30,395 INFO  [org.eclim.eclipse.EclimDaemon] Loaded plugin org.eclim.core
2019-01-30 20:20:30,401 INFO  [org.eclim.eclipse.EclimDaemon] Waiting on running jobs before starting eclimd...
2019-01-30 20:20:37,404 INFO  [org.eclim.eclipse.EclimDaemon] Jobs finished.
2019-01-30 20:20:37,404 INFO  [org.eclim.eclipse.EclimDaemon] Eclim Server Started on: 127.0.0.1:9091
2019-01-30 20:21:47,490 ERROR [org.eclim.command.Main] Command failed
java.lang.RuntimeException: org.eclipse.core.internal.resources.ResourceException: Invalid project description.
	at org.eclim.plugin.core.project.ProjectManagement.createProject(ProjectManagement.java:230)
	at org.eclim.plugin.core.project.ProjectManagement.create(ProjectManagement.java:169)
	at org.eclim.plugin.core.command.project.ProjectCreateCommand.execute(ProjectCreateCommand.java:68)
	at org.eclim.command.Main$1.run(Main.java:100)
	at org.eclipse.swt.widgets.RunnableLock.run(RunnableLock.java:40)
	at org.eclipse.swt.widgets.Synchronizer.runAsyncMessages(Synchronizer.java:185)
	at org.eclipse.swt.widgets.Display.runAsyncMessages(Display.java:4906)
	at org.eclipse.swt.widgets.Display.readAndDispatch(Display.java:4475)
	at org.eclipse.e4.ui.internal.workbench.swt.PartRenderingEngine$5.run(PartRenderingEngine.java:1173)
	at org.eclipse.core.databinding.observable.Realm.runWithDefault(Realm.java:339)
	at org.eclipse.e4.ui.internal.workbench.swt.PartRenderingEngine.run(PartRenderingEngine.java:1062)
	at org.eclipse.e4.ui.internal.workbench.E4Workbench.createAndRunUI(E4Workbench.java:156)
	at org.eclipse.ui.internal.Workbench.lambda$3(Workbench.java:636)
	at org.eclipse.core.databinding.observable.Realm.runWithDefault(Realm.java:339)
	at org.eclipse.ui.internal.Workbench.createAndRunWorkbench(Workbench.java:563)
	at org.eclipse.ui.PlatformUI.createAndRunWorkbench(PlatformUI.java:151)
	at org.eclipse.ui.internal.ide.application.IDEApplication.start(IDEApplication.java:155)
	at org.eclim.eclipse.EclimApplication.start(EclimApplication.java:128)
	at org.eclipse.equinox.internal.app.EclipseAppHandle.run(EclipseAppHandle.java:203)
	at org.eclipse.core.runtime.internal.adaptor.EclipseAppLauncher.runApplication(EclipseAppLauncher.java:137)
	at org.eclipse.core.runtime.internal.adaptor.EclipseAppLauncher.start(EclipseAppLauncher.java:107)
	at org.eclipse.core.runtime.adaptor.EclipseStarter.run(EclipseStarter.java:400)
	at org.eclipse.core.runtime.adaptor.EclipseStarter.run(EclipseStarter.java:255)
	at sun.reflect.NativeMethodAccessorImpl.invoke0(Native Method)
	at sun.reflect.NativeMethodAccessorImpl.invoke(NativeMethodAccessorImpl.java:62)
	at sun.reflect.DelegatingMethodAccessorImpl.invoke(DelegatingMethodAccessorImpl.java:43)
	at java.lang.reflect.Method.invoke(Method.java:498)
	at org.eclipse.equinox.launcher.Main.invokeFramework(Main.java:659)
	at org.eclipse.equinox.launcher.Main.basicRun(Main.java:595)
	at org.eclipse.equinox.launcher.Main.run(Main.java:1501)
	at org.eclipse.equinox.launcher.Main.main(Main.java:1474)
Caused by: org.eclipse.core.internal.resources.ResourceException: Invalid project description.
	at org.eclipse.core.internal.resources.Project.checkDescription(Project.java:173)
	at org.eclipse.core.internal.resources.Project.assertCreateRequirements(Project.java:57)
	at org.eclipse.core.internal.resources.Project.create(Project.java:267)
	at org.eclipse.core.internal.resources.Project.create(Project.java:251)
	at org.eclim.plugin.core.project.ProjectManagement.createProject(ProjectManagement.java:228)
	... 30 more
2019-01-30 20:22:01,755 ERROR [org.eclim.command.Main] Command failed
java.lang.RuntimeException: org.eclipse.core.internal.resources.ResourceException: Invalid project description.
	at org.eclim.plugin.core.project.ProjectManagement.createProject(ProjectManagement.java:230)
	at org.eclim.plugin.core.project.ProjectManagement.create(ProjectManagement.java:169)
	at org.eclim.plugin.core.command.project.ProjectCreateCommand.execute(ProjectCreateCommand.java:68)
	at org.eclim.command.Main$1.run(Main.java:100)
	at org.eclipse.swt.widgets.RunnableLock.run(RunnableLock.java:40)
	at org.eclipse.swt.widgets.Synchronizer.runAsyncMessages(Synchronizer.java:185)
	at org.eclipse.swt.widgets.Display.runAsyncMessages(Display.java:4906)
	at org.eclipse.swt.widgets.Display.readAndDispatch(Display.java:4475)
	at org.eclipse.e4.ui.internal.workbench.swt.PartRenderingEngine$5.run(PartRenderingEngine.java:1173)
	at org.eclipse.core.databinding.observable.Realm.runWithDefault(Realm.java:339)
	at org.eclipse.e4.ui.internal.workbench.swt.PartRenderingEngine.run(PartRenderingEngine.java:1062)
	at org.eclipse.e4.ui.internal.workbench.E4Workbench.createAndRunUI(E4Workbench.java:156)
	at org.eclipse.ui.internal.Workbench.lambda$3(Workbench.java:636)
	at org.eclipse.core.databinding.observable.Realm.runWithDefault(Realm.java:339)
	at org.eclipse.ui.internal.Workbench.createAndRunWorkbench(Workbench.java:563)
	at org.eclipse.ui.PlatformUI.createAndRunWorkbench(PlatformUI.java:151)
	at org.eclipse.ui.internal.ide.application.IDEApplication.start(IDEApplication.java:155)
	at org.eclim.eclipse.EclimApplication.start(EclimApplication.java:128)
	at org.eclipse.equinox.internal.app.EclipseAppHandle.run(EclipseAppHandle.java:203)
	at org.eclipse.core.runtime.internal.adaptor.EclipseAppLauncher.runApplication(EclipseAppLauncher.java:137)
	at org.eclipse.core.runtime.internal.adaptor.EclipseAppLauncher.start(EclipseAppLauncher.java:107)
	at org.eclipse.core.runtime.adaptor.EclipseStarter.run(EclipseStarter.java:400)
	at org.eclipse.core.runtime.adaptor.EclipseStarter.run(EclipseStarter.java:255)
	at sun.reflect.NativeMethodAccessorImpl.invoke0(Native Method)
	at sun.reflect.NativeMethodAccessorImpl.invoke(NativeMethodAccessorImpl.java:62)
	at sun.reflect.DelegatingMethodAccessorImpl.invoke(DelegatingMethodAccessorImpl.java:43)
	at java.lang.reflect.Method.invoke(Method.java:498)
	at org.eclipse.equinox.launcher.Main.invokeFramework(Main.java:659)
	at org.eclipse.equinox.launcher.Main.basicRun(Main.java:595)
	at org.eclipse.equinox.launcher.Main.run(Main.java:1501)
	at org.eclipse.equinox.launcher.Main.main(Main.java:1474)
Caused by: org.eclipse.core.internal.resources.ResourceException: Invalid project description.
	at org.eclipse.core.internal.resources.Project.checkDescription(Project.java:173)
	at org.eclipse.core.internal.resources.Project.assertCreateRequirements(Project.java:57)
	at org.eclipse.core.internal.resources.Project.create(Project.java:267)
	at org.eclipse.core.internal.resources.Project.create(Project.java:251)
	at org.eclim.plugin.core.project.ProjectManagement.createProject(ProjectManagement.java:228)
	... 30 more
2019-01-30 20:23:07,188 ERROR [org.eclim.command.Main] Command failed
java.lang.RuntimeException: org.eclipse.core.internal.resources.ResourceException: Invalid project description.
	at org.eclim.plugin.core.project.ProjectManagement.createProject(ProjectManagement.java:230)
	at org.eclim.plugin.core.project.ProjectManagement.create(ProjectManagement.java:169)
	at org.eclim.plugin.core.command.project.ProjectCreateCommand.execute(ProjectCreateCommand.java:68)
	at org.eclim.command.Main$1.run(Main.java:100)
	at org.eclipse.swt.widgets.RunnableLock.run(RunnableLock.java:40)
	at org.eclipse.swt.widgets.Synchronizer.runAsyncMessages(Synchronizer.java:185)
	at org.eclipse.swt.widgets.Display.runAsyncMessages(Display.java:4906)
	at org.eclipse.swt.widgets.Display.readAndDispatch(Display.java:4475)
	at org.eclipse.e4.ui.internal.workbench.swt.PartRenderingEngine$5.run(PartRenderingEngine.java:1173)
	at org.eclipse.core.databinding.observable.Realm.runWithDefault(Realm.java:339)
	at org.eclipse.e4.ui.internal.workbench.swt.PartRenderingEngine.run(PartRenderingEngine.java:1062)
	at org.eclipse.e4.ui.internal.workbench.E4Workbench.createAndRunUI(E4Workbench.java:156)
	at org.eclipse.ui.internal.Workbench.lambda$3(Workbench.java:636)
	at org.eclipse.core.databinding.observable.Realm.runWithDefault(Realm.java:339)
	at org.eclipse.ui.internal.Workbench.createAndRunWorkbench(Workbench.java:563)
	at org.eclipse.ui.PlatformUI.createAndRunWorkbench(PlatformUI.java:151)
	at org.eclipse.ui.internal.ide.application.IDEApplication.start(IDEApplication.java:155)
	at org.eclim.eclipse.EclimApplication.start(EclimApplication.java:128)
	at org.eclipse.equinox.internal.app.EclipseAppHandle.run(EclipseAppHandle.java:203)
	at org.eclipse.core.runtime.internal.adaptor.EclipseAppLauncher.runApplication(EclipseAppLauncher.java:137)
	at org.eclipse.core.runtime.internal.adaptor.EclipseAppLauncher.start(EclipseAppLauncher.java:107)
	at org.eclipse.core.runtime.adaptor.EclipseStarter.run(EclipseStarter.java:400)
	at org.eclipse.core.runtime.adaptor.EclipseStarter.run(EclipseStarter.java:255)
	at sun.reflect.NativeMethodAccessorImpl.invoke0(Native Method)
	at sun.reflect.NativeMethodAccessorImpl.invoke(NativeMethodAccessorImpl.java:62)
	at sun.reflect.DelegatingMethodAccessorImpl.invoke(DelegatingMethodAccessorImpl.java:43)
	at java.lang.reflect.Method.invoke(Method.java:498)
	at org.eclipse.equinox.launcher.Main.invokeFramework(Main.java:659)
	at org.eclipse.equinox.launcher.Main.basicRun(Main.java:595)
	at org.eclipse.equinox.launcher.Main.run(Main.java:1501)
	at org.eclipse.equinox.launcher.Main.main(Main.java:1474)
Caused by: org.eclipse.core.internal.resources.ResourceException: Invalid project description.
	at org.eclipse.core.internal.resources.Project.checkDescription(Project.java:173)
	at org.eclipse.core.internal.resources.Project.assertCreateRequirements(Project.java:57)
	at org.eclipse.core.internal.resources.Project.create(Project.java:267)
	at org.eclipse.core.internal.resources.Project.create(Project.java:251)
	at org.eclim.plugin.core.project.ProjectManagement.createProject(ProjectManagement.java:228)
	... 30 more
2019-01-30 20:23:24,383 ERROR [org.eclim.command.Main] Command failed
java.lang.RuntimeException: org.eclipse.core.internal.resources.ResourceException: Invalid project description.
	at org.eclim.plugin.core.project.ProjectManagement.createProject(ProjectManagement.java:230)
	at org.eclim.plugin.core.project.ProjectManagement.create(ProjectManagement.java:169)
	at org.eclim.plugin.core.command.project.ProjectCreateCommand.execute(ProjectCreateCommand.java:68)
	at org.eclim.command.Main$1.run(Main.java:100)
	at org.eclipse.swt.widgets.RunnableLock.run(RunnableLock.java:40)
	at org.eclipse.swt.widgets.Synchronizer.runAsyncMessages(Synchronizer.java:185)
	at org.eclipse.swt.widgets.Display.runAsyncMessages(Display.java:4906)
	at org.eclipse.swt.widgets.Display.readAndDispatch(Display.java:4475)
	at org.eclipse.e4.ui.internal.workbench.swt.PartRenderingEngine$5.run(PartRenderingEngine.java:1173)
	at org.eclipse.core.databinding.observable.Realm.runWithDefault(Realm.java:339)
	at org.eclipse.e4.ui.internal.workbench.swt.PartRenderingEngine.run(PartRenderingEngine.java:1062)
	at org.eclipse.e4.ui.internal.workbench.E4Workbench.createAndRunUI(E4Workbench.java:156)
	at org.eclipse.ui.internal.Workbench.lambda$3(Workbench.java:636)
	at org.eclipse.core.databinding.observable.Realm.runWithDefault(Realm.java:339)
	at org.eclipse.ui.internal.Workbench.createAndRunWorkbench(Workbench.java:563)
	at org.eclipse.ui.PlatformUI.createAndRunWorkbench(PlatformUI.java:151)
	at org.eclipse.ui.internal.ide.application.IDEApplication.start(IDEApplication.java:155)
	at org.eclim.eclipse.EclimApplication.start(EclimApplication.java:128)
	at org.eclipse.equinox.internal.app.EclipseAppHandle.run(EclipseAppHandle.java:203)
	at org.eclipse.core.runtime.internal.adaptor.EclipseAppLauncher.runApplication(EclipseAppLauncher.java:137)
	at org.eclipse.core.runtime.internal.adaptor.EclipseAppLauncher.start(EclipseAppLauncher.java:107)
	at org.eclipse.core.runtime.adaptor.EclipseStarter.run(EclipseStarter.java:400)
	at org.eclipse.core.runtime.adaptor.EclipseStarter.run(EclipseStarter.java:255)
	at sun.reflect.NativeMethodAccessorImpl.invoke0(Native Method)
	at sun.reflect.NativeMethodAccessorImpl.invoke(NativeMethodAccessorImpl.java:62)
	at sun.reflect.DelegatingMethodAccessorImpl.invoke(DelegatingMethodAccessorImpl.java:43)
	at java.lang.reflect.Method.invoke(Method.java:498)
	at org.eclipse.equinox.launcher.Main.invokeFramework(Main.java:659)
	at org.eclipse.equinox.launcher.Main.basicRun(Main.java:595)
	at org.eclipse.equinox.launcher.Main.run(Main.java:1501)
	at org.eclipse.equinox.launcher.Main.main(Main.java:1474)
Caused by: org.eclipse.core.internal.resources.ResourceException: Invalid project description.
	at org.eclipse.core.internal.resources.Project.checkDescription(Project.java:173)
	at org.eclipse.core.internal.resources.Project.assertCreateRequirements(Project.java:57)
	at org.eclipse.core.internal.resources.Project.create(Project.java:267)
	at org.eclipse.core.internal.resources.Project.create(Project.java:251)
	at org.eclim.plugin.core.project.ProjectManagement.createProject(ProjectManagement.java:228)
	... 30 more
2019-01-30 20:23:59,857 INFO  [org.eclim.eclipse.EclimDaemon] Shutting down eclim...
2019-01-30 20:23:59,867 INFO  [org.eclim.eclipse.EclimDaemon] Stopping plugin org.eclim.core
2019-01-30 20:23:59,869 INFO  [org.eclim.plugin.core.CorePlugin] Stopping plugin org.eclim.jdt
2019-01-30 20:23:59,871 INFO  [org.eclim.eclipse.EclimDaemon] Eclim stopped.
